<?xml version="1.0" encoding="UTF-8"?>
<!-- Generated by org.testng.reporters.JUnitReportReporter -->
<testsuite hostname="LAPTOP-IRMVDLOJ" failures="0" tests="7" name="com.crm.qa.testcases.HomePageTest" time="115.420" errors="0" timestamp="2021-08-27T19:53:46 PDT" skipped="0">
  <testcase classname="com.crm.qa.testcases.HomePageTest" name="homePageTitleTest" time="25.441"/>
  <system-out/>
  <testcase classname="com.crm.qa.testcases.HomePageTest" name="VerifyUserNameTest" time="12.862"/>
  <system-out/>
  <testcase classname="com.crm.qa.testcases.HomePageTest" name="validateSearchBoxTest" time="12.554"/>
  <system-out/>
  <testcase classname="com.crm.qa.testcases.HomePageTest" name="clickOnContactsTest" time="12.816"/>
  <system-out/>
  <testcase classname="com.crm.qa.testcases.HomePageTest" name="clickOnDealsTest" time="12.377"/>
  <system-out/>
  <testcase classname="com.crm.qa.testcases.HomePageTest" name="clickOnCallsTest" time="12.850"/>
  <system-out/>
  <testcase classname="com.crm.qa.testcases.HomePageTest" name="clickOnLogOutTest" time="26.520"/>
  <system-out/>
</testsuite> <!-- com.crm.qa.testcases.HomePageTest -->
