<?xml version="1.0" encoding="UTF-8"?>
<!-- Generated by org.testng.reporters.JUnitReportReporter -->
<testsuite hostname="LAPTOP-IRMVDLOJ" failures="0" tests="5" name="com.crm.qa.testcases.ContactsPageTest" time="79.353" errors="0" timestamp="2021-07-09T13:08:42 PDT" skipped="0">
  <testcase classname="com.crm.qa.testcases.ContactsPageTest" name="validateContactsLabelTest" time="13.532"/>
  <system-out/>
  <testcase classname="com.crm.qa.testcases.ContactsPageTest" name="selectContactsNameTest" time="14.557"/>
  <system-out/>
  <testcase classname="com.crm.qa.testcases.ContactsPageTest" name="createContactTest" time="17.653"/>
  <system-out/>
  <testcase classname="com.crm.qa.testcases.ContactsPageTest" name="createContactTest" time="16.684"/>
  <system-out/>
  <testcase classname="com.crm.qa.testcases.ContactsPageTest" name="createContactTest" time="16.927"/>
  <system-out/>
</testsuite> <!-- com.crm.qa.testcases.ContactsPageTest -->
