<?xml version="1.0" encoding="UTF-8"?>
<!-- Generated by org.testng.reporters.JUnitReportReporter -->
<testsuite hostname="LAPTOP-IRMVDLOJ" failures="0" tests="3" name="com.crm.qa.testcases.LoginPageTest" time="18.774" errors="0" timestamp="2021-08-27T19:53:46 PDT" skipped="0">
  <testcase classname="com.crm.qa.testcases.LoginPageTest" name="LoginPageTitleTest" time="5.401"/>
  <system-out/>
  <testcase classname="com.crm.qa.testcases.LoginPageTest" name="CRMlinkTest" time="4.888"/>
  <system-out/>
  <testcase classname="com.crm.qa.testcases.LoginPageTest" name="loginTest" time="8.485"/>
  <system-out/>
</testsuite> <!-- com.crm.qa.testcases.LoginPageTest -->
