<?xml version="1.0" encoding="UTF-8"?>
<!-- Generated by org.testng.reporters.JUnitReportReporter -->
<testsuite hostname="LAPTOP-IRMVDLOJ" failures="0" tests="7" name="com.crm.qa.testcases.HomePageTest" time="144.760" errors="0" timestamp="2021-09-25T08:43:45 PDT" skipped="0">
  <testcase classname="com.crm.qa.testcases.HomePageTest" name="homePageTitleTest" time="14.832"/>
  <system-out/>
  <testcase classname="com.crm.qa.testcases.HomePageTest" name="VerifyUserNameTest" time="20.371"/>
  <system-out/>
  <testcase classname="com.crm.qa.testcases.HomePageTest" name="validateSearchBoxTest" time="21.368"/>
  <system-out/>
  <testcase classname="com.crm.qa.testcases.HomePageTest" name="clickOnContactsTest" time="23.752"/>
  <system-out/>
  <testcase classname="com.crm.qa.testcases.HomePageTest" name="clickOnDealsTest" time="24.953"/>
  <system-out/>
  <testcase classname="com.crm.qa.testcases.HomePageTest" name="clickOnCallsTest" time="13.166"/>
  <system-out/>
  <testcase classname="com.crm.qa.testcases.HomePageTest" name="clickOnLogOutTest" time="26.318"/>
  <system-out/>
</testsuite> <!-- com.crm.qa.testcases.HomePageTest -->
