<?xml version="1.0" encoding="UTF-8"?>
<!-- Generated by org.testng.reporters.JUnitReportReporter -->
<testsuite hostname="LAPTOP-IRMVDLOJ" failures="0" tests="7" name="com.crm.qa.testcases.HomePageTest" time="153.791" errors="0" timestamp="2021-07-09T13:08:42 PDT" skipped="0">
  <testcase classname="com.crm.qa.testcases.HomePageTest" name="homePageTitleTest" time="13.844"/>
  <system-out/>
  <testcase classname="com.crm.qa.testcases.HomePageTest" name="VerifyUserNameTest" time="14.890"/>
  <system-out/>
  <testcase classname="com.crm.qa.testcases.HomePageTest" name="validateSearchBoxTest" time="15.111"/>
  <system-out/>
  <testcase classname="com.crm.qa.testcases.HomePageTest" name="clickOnContactsTest" time="14.720"/>
  <system-out/>
  <testcase classname="com.crm.qa.testcases.HomePageTest" name="clickOnDealsTest" time="15.357"/>
  <system-out/>
  <testcase classname="com.crm.qa.testcases.HomePageTest" name="clickOnCallsTest" time="15.309"/>
  <system-out/>
  <testcase classname="com.crm.qa.testcases.HomePageTest" name="clickOnLogOutTest" time="64.560"/>
  <system-out/>
</testsuite> <!-- com.crm.qa.testcases.HomePageTest -->
