<?xml version="1.0" encoding="UTF-8"?>
<!-- Generated by org.testng.reporters.JUnitReportReporter -->
<testsuite hostname="LAPTOP-IRMVDLOJ" failures="0" tests="3" name="com.crm.qa.testcases.LoginPageTest" time="28.454" errors="0" timestamp="2021-07-09T13:08:42 PDT" skipped="0">
  <testcase classname="com.crm.qa.testcases.LoginPageTest" name="LoginPageTitleTest" time="7.105"/>
  <system-out/>
  <testcase classname="com.crm.qa.testcases.LoginPageTest" name="CRMlinkTest" time="7.452"/>
  <system-out/>
  <testcase classname="com.crm.qa.testcases.LoginPageTest" name="loginTest" time="13.897"/>
  <system-out/>
</testsuite> <!-- com.crm.qa.testcases.LoginPageTest -->
