<?xml version="1.0" encoding="UTF-8"?>
<!-- Generated by org.testng.reporters.JUnitReportReporter -->
<testsuite hostname="LAPTOP-IRMVDLOJ" failures="0" tests="1" name="com.crm.qa.testcases.LoginPageTest" time="14.379" errors="0" timestamp="2021-09-29T17:04:22 PDT" skipped="0">
  <testcase classname="com.crm.qa.testcases.LoginPageTest" name="LoginPageTitleTest" time="14.379"/>
  <system-out/>
</testsuite> <!-- com.crm.qa.testcases.LoginPageTest -->
